This file contains any messages produced by compilers while
running configure, to aid debugging if configure makes a mistake.

It was created by LibAnalysisTool configure 1.7.1, which was
generated by GNU Autoconf 2.63.  Invocation command line was

  $ ./configure --prefix=/afs/cern.ch/work/e/ekennedy/work/fsanalysis/CMSSW_7_2_5/src/AnalysisTool/AnalysisTool_ZH --no-create --no-recursion

## --------- ##
## Platform. ##
## --------- ##

hostname = lxplus0045.cern.ch
uname -m = x86_64
uname -r = 2.6.32-504.12.2.el6.x86_64
uname -s = Linux
uname -v = #1 SMP Thu Mar 12 07:33:00 CET 2015

/usr/bin/uname -p = unknown
/bin/uname -X     = unknown

/bin/arch              = x86_64
/usr/bin/arch -k       = unknown
/usr/convex/getsysinfo = unknown
/usr/bin/hostinfo      = unknown
/bin/machine           = unknown
/usr/bin/oslevel       = unknown
/bin/universe          = unknown

PATH: /afs/cern.ch/work/e/ekennedy/work/fsanalysis/CMSSW_7_2_4/bin/slc6_amd64_gcc481
PATH: /afs/cern.ch/work/e/ekennedy/work/fsanalysis/CMSSW_7_2_4/external/slc6_amd64_gcc481/bin
PATH: /cvmfs/cms.cern.ch/slc6_amd64_gcc481/cms/cmssw/CMSSW_7_2_4/bin/slc6_amd64_gcc481
PATH: /cvmfs/cms.cern.ch/slc6_amd64_gcc481/cms/cmssw/CMSSW_7_2_4/external/slc6_amd64_gcc481/bin
PATH: /cvmfs/cms.cern.ch/slc6_amd64_gcc481/external/llvm/3.5/bin
PATH: /cvmfs/cms.cern.ch/slc6_amd64_gcc481/external/gcc/4.8.1/bin
PATH: /afs/cern.ch/group/zh/bin
PATH: /afs/cern.ch/user/e/ekennedy/scripts
PATH: /afs/cern.ch/cms/caf/scripts
PATH: /cvmfs/cms.cern.ch/common
PATH: /cvmfs/cms.cern.ch/bin
PATH: /usr/sue/bin
PATH: /usr/lib64/qt-3.3/bin
PATH: /usr/kerberos/sbin
PATH: /usr/kerberos/bin
PATH: /usr/local/bin
PATH: /bin
PATH: /usr/bin
PATH: /usr/local/sbin
PATH: /usr/sbin
PATH: /sbin


## ----------- ##
## Core tests. ##
## ----------- ##

configure:1975: checking for a BSD-compatible install
configure:2043: result: /usr/bin/install -c
configure:2054: checking whether build environment is sane
configure:2114: result: yes
configure:2255: checking for a thread-safe mkdir -p
configure:2294: result: /bin/mkdir -p
configure:2307: checking for gawk
configure:2323: found /bin/gawk
configure:2334: result: gawk
configure:2345: checking whether make sets $(MAKE)
configure:2367: result: yes
configure:2561: checking for g++
configure:2577: found /cvmfs/cms.cern.ch/slc6_amd64_gcc481/external/gcc/4.8.1/bin/g++
configure:2588: result: g++
configure:2615: checking for C++ compiler version
configure:2623: g++ --version >&5
g++ (GCC) 4.8.1
Copyright (C) 2013 Free Software Foundation, Inc.
This is free software; see the source for copying conditions.  There is NO
warranty; not even for MERCHANTABILITY or FITNESS FOR A PARTICULAR PURPOSE.

configure:2627: $? = 0
configure:2634: g++ -v >&5
Using built-in specs.
COLLECT_GCC=g++
COLLECT_LTO_WRAPPER=/cvmfs/cms.cern.ch/slc6_amd64_gcc481/external/gcc/4.8.1/bin/../libexec/gcc/x86_64-redhat-linux-gnu/4.8.1/lto-wrapper
Target: x86_64-redhat-linux-gnu
Configured with: ../configure --prefix=/build/davidlt/build-BOOTSTRAP_slc6_amd64_gcc481/b/tmp/BUILDROOT/e55a93caf1185342d60da645a6c0626d/opt/cmssw/slc6_amd64_gcc481/external/gcc/4.8.1 --disable-multilib --disable-nls --with-zlib=no --enable-languages=c,c++,fortran --enable-gold=yes --enable-ld=default --enable-lto --with-gmp=/build/davidlt/build-BOOTSTRAP_slc6_amd64_gcc481/b/tmp/BUILDROOT/e55a93caf1185342d60da645a6c0626d/opt/cmssw/slc6_amd64_gcc481/external/gcc/4.8.1 --with-mpfr=/build/davidlt/build-BOOTSTRAP_slc6_amd64_gcc481/b/tmp/BUILDROOT/e55a93caf1185342d60da645a6c0626d/opt/cmssw/slc6_amd64_gcc481/external/gcc/4.8.1 --with-mpc=/build/davidlt/build-BOOTSTRAP_slc6_amd64_gcc481/b/tmp/BUILDROOT/e55a93caf1185342d60da645a6c0626d/opt/cmssw/slc6_amd64_gcc481/external/gcc/4.8.1 --with-isl=/build/davidlt/build-BOOTSTRAP_slc6_amd64_gcc481/b/tmp/BUILDROOT/e55a93caf1185342d60da645a6c0626d/opt/cmssw/slc6_amd64_gcc481/external/gcc/4.8.1 --with-cloog=/build/davidlt/build-BOOTSTRAP_slc6_amd64_gcc481/b/tmp/BUILDROOT/e55a93caf1185342d60da645a6c0626d/opt/cmssw/slc6_amd64_gcc481/external/gcc/4.8.1 --enable-checking=release --build=x86_64-redhat-linux-gnu --host=x86_64-redhat-linux-gnu --enable-libstdcxx-time=rt --enable-shared CC='gcc -fPIC' CXX='c++ -fPIC' CPP=cpp CXXCPP='c++ -E'
Thread model: posix
gcc version 4.8.1 (GCC) 
configure:2638: $? = 0
configure:2645: g++ -V >&5
g++: error: unrecognized command line option '-V'
g++: fatal error: no input files
compilation terminated.
configure:2649: $? = 1
configure:2672: checking for C++ compiler default output file name
configure:2694: g++    conftest.cpp  >&5
configure:2698: $? = 0
configure:2736: result: a.out
configure:2755: checking whether the C++ compiler works
configure:2765: ./a.out
configure:2769: $? = 0
configure:2788: result: yes
configure:2795: checking whether we are cross compiling
configure:2797: result: no
configure:2800: checking for suffix of executables
configure:2807: g++ -o conftest    conftest.cpp  >&5
configure:2811: $? = 0
configure:2837: result: 
configure:2843: checking for suffix of object files
configure:2869: g++ -c   conftest.cpp >&5
configure:2873: $? = 0
configure:2898: result: o
configure:2902: checking whether we are using the GNU C++ compiler
configure:2931: g++ -c   conftest.cpp >&5
configure:2938: $? = 0
configure:2955: result: yes
configure:2964: checking whether g++ accepts -g
configure:2994: g++ -c -g  conftest.cpp >&5
configure:3001: $? = 0
configure:3102: result: yes
configure:3136: checking for style of include used by make
configure:3164: result: GNU
configure:3189: checking dependency style of g++
configure:3299: result: gcc3
configure:3362: checking for gcc
configure:3378: found /cvmfs/cms.cern.ch/slc6_amd64_gcc481/external/gcc/4.8.1/bin/gcc
configure:3389: result: gcc
configure:3621: checking for C compiler version
configure:3629: gcc --version >&5
gcc (GCC) 4.8.1
Copyright (C) 2013 Free Software Foundation, Inc.
This is free software; see the source for copying conditions.  There is NO
warranty; not even for MERCHANTABILITY or FITNESS FOR A PARTICULAR PURPOSE.

configure:3633: $? = 0
configure:3640: gcc -v >&5
Using built-in specs.
COLLECT_GCC=gcc
COLLECT_LTO_WRAPPER=/cvmfs/cms.cern.ch/slc6_amd64_gcc481/external/gcc/4.8.1/bin/../libexec/gcc/x86_64-redhat-linux-gnu/4.8.1/lto-wrapper
Target: x86_64-redhat-linux-gnu
Configured with: ../configure --prefix=/build/davidlt/build-BOOTSTRAP_slc6_amd64_gcc481/b/tmp/BUILDROOT/e55a93caf1185342d60da645a6c0626d/opt/cmssw/slc6_amd64_gcc481/external/gcc/4.8.1 --disable-multilib --disable-nls --with-zlib=no --enable-languages=c,c++,fortran --enable-gold=yes --enable-ld=default --enable-lto --with-gmp=/build/davidlt/build-BOOTSTRAP_slc6_amd64_gcc481/b/tmp/BUILDROOT/e55a93caf1185342d60da645a6c0626d/opt/cmssw/slc6_amd64_gcc481/external/gcc/4.8.1 --with-mpfr=/build/davidlt/build-BOOTSTRAP_slc6_amd64_gcc481/b/tmp/BUILDROOT/e55a93caf1185342d60da645a6c0626d/opt/cmssw/slc6_amd64_gcc481/external/gcc/4.8.1 --with-mpc=/build/davidlt/build-BOOTSTRAP_slc6_amd64_gcc481/b/tmp/BUILDROOT/e55a93caf1185342d60da645a6c0626d/opt/cmssw/slc6_amd64_gcc481/external/gcc/4.8.1 --with-isl=/build/davidlt/build-BOOTSTRAP_slc6_amd64_gcc481/b/tmp/BUILDROOT/e55a93caf1185342d60da645a6c0626d/opt/cmssw/slc6_amd64_gcc481/external/gcc/4.8.1 --with-cloog=/build/davidlt/build-BOOTSTRAP_slc6_amd64_gcc481/b/tmp/BUILDROOT/e55a93caf1185342d60da645a6c0626d/opt/cmssw/slc6_amd64_gcc481/external/gcc/4.8.1 --enable-checking=release --build=x86_64-redhat-linux-gnu --host=x86_64-redhat-linux-gnu --enable-libstdcxx-time=rt --enable-shared CC='gcc -fPIC' CXX='c++ -fPIC' CPP=cpp CXXCPP='c++ -E'
Thread model: posix
gcc version 4.8.1 (GCC) 
configure:3644: $? = 0
configure:3651: gcc -V >&5
gcc: error: unrecognized command line option '-V'
gcc: fatal error: no input files
compilation terminated.
configure:3655: $? = 1
configure:3658: checking whether we are using the GNU C compiler
configure:3687: gcc -c   conftest.c >&5
configure:3694: $? = 0
configure:3711: result: yes
configure:3720: checking whether gcc accepts -g
configure:3750: gcc -c -g  conftest.c >&5
configure:3757: $? = 0
configure:3858: result: yes
configure:3875: checking for gcc option to accept ISO C89
configure:3949: gcc  -c -g -O2  conftest.c >&5
configure:3956: $? = 0
configure:3979: result: none needed
configure:3999: checking dependency style of gcc
configure:4109: result: gcc3
configure:4129: checking how to run the C preprocessor
configure:4169: gcc -E  conftest.c
configure:4176: $? = 0
configure:4207: gcc -E  conftest.c
conftest.c:10:28: fatal error: ac_nonexistent.h: No such file or directory
 #include <ac_nonexistent.h>
                            ^
compilation terminated.
configure:4214: $? = 1
configure: failed program was:
| /* confdefs.h.  */
| #define PACKAGE_NAME "LibAnalysisTool"
| #define PACKAGE_TARNAME "libanalysistool"
| #define PACKAGE_VERSION "1.7.1"
| #define PACKAGE_STRING "LibAnalysisTool 1.7.1"
| #define PACKAGE_BUGREPORT "hindrichs@physik.rwth-aachen.de"
| #define PACKAGE "libanalysistool"
| #define VERSION "1.7.1"
| /* end confdefs.h.  */
| #include <ac_nonexistent.h>
configure:4247: result: gcc -E
configure:4276: gcc -E  conftest.c
configure:4283: $? = 0
configure:4314: gcc -E  conftest.c
conftest.c:10:28: fatal error: ac_nonexistent.h: No such file or directory
 #include <ac_nonexistent.h>
                            ^
compilation terminated.
configure:4321: $? = 1
configure: failed program was:
| /* confdefs.h.  */
| #define PACKAGE_NAME "LibAnalysisTool"
| #define PACKAGE_TARNAME "libanalysistool"
| #define PACKAGE_VERSION "1.7.1"
| #define PACKAGE_STRING "LibAnalysisTool 1.7.1"
| #define PACKAGE_BUGREPORT "hindrichs@physik.rwth-aachen.de"
| #define PACKAGE "libanalysistool"
| #define VERSION "1.7.1"
| /* end confdefs.h.  */
| #include <ac_nonexistent.h>
configure:4374: checking for a BSD-compatible install
configure:4442: result: /usr/bin/install -c
configure:4453: checking whether ln -s works
configure:4457: result: yes
configure:4464: checking whether make sets $(MAKE)
configure:4486: result: yes
configure:4526: checking build system type
configure:4544: result: x86_64-unknown-linux-gnu
configure:4566: checking host system type
configure:4581: result: x86_64-unknown-linux-gnu
configure:4624: checking how to print strings
configure:4651: result: printf
configure:4672: checking for a sed that does not truncate output
configure:4738: result: /bin/sed
configure:4756: checking for grep that handles long lines and -e
configure:4816: result: /bin/grep
configure:4821: checking for egrep
configure:4885: result: /bin/grep -E
configure:4890: checking for fgrep
configure:4954: result: /bin/grep -F
configure:4989: checking for ld used by gcc
configure:5056: result: /cvmfs/cms.cern.ch/slc6_amd64_gcc481/external/gcc/4.8.1/x86_64-redhat-linux-gnu/bin/ld
configure:5065: checking if the linker (/cvmfs/cms.cern.ch/slc6_amd64_gcc481/external/gcc/4.8.1/x86_64-redhat-linux-gnu/bin/ld) is GNU ld
configure:5080: result: yes
configure:5092: checking for BSD- or MS-compatible name lister (nm)
configure:5141: result: /cvmfs/cms.cern.ch/slc6_amd64_gcc481/external/gcc/4.8.1/bin/nm -B
configure:5271: checking the name lister (/cvmfs/cms.cern.ch/slc6_amd64_gcc481/external/gcc/4.8.1/bin/nm -B) interface
configure:5278: gcc -c -g -O2  conftest.c >&5
configure:5281: /cvmfs/cms.cern.ch/slc6_amd64_gcc481/external/gcc/4.8.1/bin/nm -B "conftest.o"
configure:5284: output
0000000000000000 B some_variable
configure:5291: result: BSD nm
configure:5295: checking the maximum length of command line arguments
configure:5420: result: 3458764513820540925
configure:5437: checking whether the shell understands some XSI constructs
configure:5447: result: yes
configure:5451: checking whether the shell understands "+="
configure:5457: result: yes
configure:5492: checking how to convert x86_64-unknown-linux-gnu file names to x86_64-unknown-linux-gnu format
configure:5532: result: func_convert_file_noop
configure:5539: checking how to convert x86_64-unknown-linux-gnu file names to toolchain format
configure:5559: result: func_convert_file_noop
configure:5566: checking for /cvmfs/cms.cern.ch/slc6_amd64_gcc481/external/gcc/4.8.1/x86_64-redhat-linux-gnu/bin/ld option to reload object files
configure:5573: result: -r
configure:5647: checking for objdump
configure:5663: found /cvmfs/cms.cern.ch/slc6_amd64_gcc481/external/gcc/4.8.1/bin/objdump
configure:5674: result: objdump
configure:5706: checking how to recognize dependent libraries
configure:5908: result: pass_all
configure:5993: checking for dlltool
configure:6009: found /cvmfs/cms.cern.ch/slc6_amd64_gcc481/external/gcc/4.8.1/bin/dlltool
configure:6020: result: dlltool
configure:6053: checking how to associate runtime and link libraries
configure:6080: result: printf %s\n
configure:6141: checking for ar
configure:6157: found /cvmfs/cms.cern.ch/slc6_amd64_gcc481/external/gcc/4.8.1/bin/ar
configure:6168: result: ar
configure:6205: checking for archiver @FILE support
configure:6232: gcc -c -g -O2  conftest.c >&5
configure:6239: $? = 0
configure:6246: ar cru libconftest.a @conftest.lst >&5
configure:6249: $? = 0
configure:6254: ar cru libconftest.a @conftest.lst >&5
ar: conftest.o: No such file or directory
configure:6257: $? = 1
configure:6275: result: @
configure:6333: checking for strip
configure:6349: found /cvmfs/cms.cern.ch/slc6_amd64_gcc481/external/gcc/4.8.1/bin/strip
configure:6360: result: strip
configure:6432: checking for ranlib
configure:6448: found /cvmfs/cms.cern.ch/slc6_amd64_gcc481/external/gcc/4.8.1/bin/ranlib
configure:6459: result: ranlib
configure:6561: checking command to parse /cvmfs/cms.cern.ch/slc6_amd64_gcc481/external/gcc/4.8.1/bin/nm -B output from gcc object
configure:6680: gcc -c -g -O2  conftest.c >&5
configure:6683: $? = 0
configure:6687: /cvmfs/cms.cern.ch/slc6_amd64_gcc481/external/gcc/4.8.1/bin/nm -B conftest.o \| sed -n -e 's/^.*[ ]\([ABCDGIRSTW][ABCDGIRSTW]*\)[ ][ ]*\([_A-Za-z][_A-Za-z0-9]*\)$/\1 \2 \2/p' | sed '/ __gnu_lto/d' \> conftest.nm
configure:6690: $? = 0
configure:6756: gcc -o conftest -g -O2   conftest.c conftstm.o >&5
configure:6759: $? = 0
configure:6797: result: ok
configure:6834: checking for sysroot
configure:6866: result: no
configure:6943: gcc -c -g -O2  conftest.c >&5
configure:6946: $? = 0
configure:7138: checking for mt
configure:7168: result: no
configure:7188: checking if : is a manifest tool
configure:7194: : '-?'
configure:7202: result: no
configure:7859: checking for ANSI C header files
configure:7889: gcc -c -g -O2  conftest.c >&5
configure:7896: $? = 0
configure:7995: gcc -o conftest -g -O2   conftest.c  >&5
configure:7999: $? = 0
configure:8005: ./conftest
configure:8009: $? = 0
configure:8027: result: yes
configure:8051: checking for sys/types.h
configure:8072: gcc -c -g -O2  conftest.c >&5
configure:8079: $? = 0
configure:8096: result: yes
configure:8051: checking for sys/stat.h
configure:8072: gcc -c -g -O2  conftest.c >&5
configure:8079: $? = 0
configure:8096: result: yes
configure:8051: checking for stdlib.h
configure:8072: gcc -c -g -O2  conftest.c >&5
configure:8079: $? = 0
configure:8096: result: yes
configure:8051: checking for string.h
configure:8072: gcc -c -g -O2  conftest.c >&5
configure:8079: $? = 0
configure:8096: result: yes
configure:8051: checking for memory.h
configure:8072: gcc -c -g -O2  conftest.c >&5
configure:8079: $? = 0
configure:8096: result: yes
configure:8051: checking for strings.h
configure:8072: gcc -c -g -O2  conftest.c >&5
configure:8079: $? = 0
configure:8096: result: yes
configure:8051: checking for inttypes.h
configure:8072: gcc -c -g -O2  conftest.c >&5
configure:8079: $? = 0
configure:8096: result: yes
configure:8051: checking for stdint.h
configure:8072: gcc -c -g -O2  conftest.c >&5
configure:8079: $? = 0
configure:8096: result: yes
configure:8051: checking for unistd.h
configure:8072: gcc -c -g -O2  conftest.c >&5
configure:8079: $? = 0
configure:8096: result: yes
configure:8114: checking for dlfcn.h
configure:8135: gcc -c -g -O2  conftest.c >&5
configure:8142: $? = 0
configure:8159: result: yes
configure:8359: checking for objdir
configure:8374: result: .libs
configure:8645: checking if gcc supports -fno-rtti -fno-exceptions
configure:8663: gcc -c -g -O2  -fno-rtti -fno-exceptions conftest.c >&5
cc1: warning: command line option '-fno-rtti' is valid for C++/ObjC++ but not for C [enabled by default]
configure:8667: $? = 0
configure:8680: result: no
configure:8990: checking for gcc option to produce PIC
configure:8997: result: -fPIC -DPIC
configure:9005: checking if gcc PIC flag -fPIC -DPIC works
configure:9023: gcc -c -g -O2  -fPIC -DPIC -DPIC conftest.c >&5
configure:9027: $? = 0
configure:9040: result: yes
configure:9069: checking if gcc static flag -static works
configure:9097: result: yes
configure:9112: checking if gcc supports -c -o file.o
configure:9133: gcc -c -g -O2  -o out/conftest2.o conftest.c >&5
configure:9137: $? = 0
configure:9159: result: yes
configure:9167: checking if gcc supports -c -o file.o
configure:9214: result: yes
configure:9247: checking whether the gcc linker (/cvmfs/cms.cern.ch/slc6_amd64_gcc481/external/gcc/4.8.1/x86_64-redhat-linux-gnu/bin/ld -m elf_x86_64) supports shared libraries
configure:10500: result: yes
configure:10537: checking whether -lc should be explicitly linked in
configure:10545: gcc -c -g -O2  conftest.c >&5
configure:10548: $? = 0
configure:10563: gcc -shared  -fPIC -DPIC conftest.o  -v -Wl,-soname -Wl,conftest -o conftest 2\>\&1 \| /bin/grep  -lc  \>/dev/null 2\>\&1
configure:10566: $? = 0
configure:10580: result: no
configure:10745: checking dynamic linker characteristics
configure:11270: gcc -o conftest -g -O2   -Wl,-rpath -Wl,/foo conftest.c  >&5
configure:11277: $? = 0
configure:11526: result: GNU/Linux ld.so
configure:11633: checking how to hardcode library paths into programs
configure:11658: result: immediate
configure:12511: checking whether stripping libraries is possible
configure:12516: result: yes
configure:12551: checking if libtool supports shared libraries
configure:12553: result: yes
configure:12556: checking whether to build shared libraries
configure:12577: result: yes
configure:12580: checking whether to build static libraries
configure:12584: result: yes
configure:12607: checking how to run the C++ preprocessor
configure:12643: g++ -E  conftest.cpp
configure:12650: $? = 0
configure:12681: g++ -E  conftest.cpp
conftest.cpp:22:28: fatal error: ac_nonexistent.h: No such file or directory
 #include <ac_nonexistent.h>
                            ^
compilation terminated.
configure:12688: $? = 1
configure: failed program was:
| /* confdefs.h.  */
| #define PACKAGE_NAME "LibAnalysisTool"
| #define PACKAGE_TARNAME "libanalysistool"
| #define PACKAGE_VERSION "1.7.1"
| #define PACKAGE_STRING "LibAnalysisTool 1.7.1"
| #define PACKAGE_BUGREPORT "hindrichs@physik.rwth-aachen.de"
| #define PACKAGE "libanalysistool"
| #define VERSION "1.7.1"
| #define STDC_HEADERS 1
| #define HAVE_SYS_TYPES_H 1
| #define HAVE_SYS_STAT_H 1
| #define HAVE_STDLIB_H 1
| #define HAVE_STRING_H 1
| #define HAVE_MEMORY_H 1
| #define HAVE_STRINGS_H 1
| #define HAVE_INTTYPES_H 1
| #define HAVE_STDINT_H 1
| #define HAVE_UNISTD_H 1
| #define HAVE_DLFCN_H 1
| #define LT_OBJDIR ".libs/"
| /* end confdefs.h.  */
| #include <ac_nonexistent.h>
configure:12721: result: g++ -E
configure:12750: g++ -E  conftest.cpp
configure:12757: $? = 0
configure:12788: g++ -E  conftest.cpp
conftest.cpp:22:28: fatal error: ac_nonexistent.h: No such file or directory
 #include <ac_nonexistent.h>
                            ^
compilation terminated.
configure:12795: $? = 1
configure: failed program was:
| /* confdefs.h.  */
| #define PACKAGE_NAME "LibAnalysisTool"
| #define PACKAGE_TARNAME "libanalysistool"
| #define PACKAGE_VERSION "1.7.1"
| #define PACKAGE_STRING "LibAnalysisTool 1.7.1"
| #define PACKAGE_BUGREPORT "hindrichs@physik.rwth-aachen.de"
| #define PACKAGE "libanalysistool"
| #define VERSION "1.7.1"
| #define STDC_HEADERS 1
| #define HAVE_SYS_TYPES_H 1
| #define HAVE_SYS_STAT_H 1
| #define HAVE_STDLIB_H 1
| #define HAVE_STRING_H 1
| #define HAVE_MEMORY_H 1
| #define HAVE_STRINGS_H 1
| #define HAVE_INTTYPES_H 1
| #define HAVE_STDINT_H 1
| #define HAVE_UNISTD_H 1
| #define HAVE_DLFCN_H 1
| #define LT_OBJDIR ".libs/"
| /* end confdefs.h.  */
| #include <ac_nonexistent.h>
configure:12976: checking for ld used by g++
configure:13043: result: /cvmfs/cms.cern.ch/slc6_amd64_gcc481/external/gcc/4.8.1/x86_64-redhat-linux-gnu/bin/ld -m elf_x86_64
configure:13052: checking if the linker (/cvmfs/cms.cern.ch/slc6_amd64_gcc481/external/gcc/4.8.1/x86_64-redhat-linux-gnu/bin/ld -m elf_x86_64) is GNU ld
configure:13067: result: yes
configure:13122: checking whether the g++ linker (/cvmfs/cms.cern.ch/slc6_amd64_gcc481/external/gcc/4.8.1/x86_64-redhat-linux-gnu/bin/ld -m elf_x86_64) supports shared libraries
configure:14188: result: yes
configure:14223: g++ -c -g -O2  conftest.cpp >&5
configure:14226: $? = 0
configure:14746: checking for g++ option to produce PIC
configure:14753: result: -fPIC -DPIC
configure:14761: checking if g++ PIC flag -fPIC -DPIC works
configure:14779: g++ -c -g -O2  -fPIC -DPIC -DPIC conftest.cpp >&5
configure:14783: $? = 0
configure:14796: result: yes
configure:14819: checking if g++ static flag -static works
configure:14847: result: no
configure:14859: checking if g++ supports -c -o file.o
configure:14880: g++ -c -g -O2  -o out/conftest2.o conftest.cpp >&5
configure:14884: $? = 0
configure:14906: result: yes
configure:14911: checking if g++ supports -c -o file.o
configure:14958: result: yes
configure:14988: checking whether the g++ linker (/cvmfs/cms.cern.ch/slc6_amd64_gcc481/external/gcc/4.8.1/x86_64-redhat-linux-gnu/bin/ld -m elf_x86_64) supports shared libraries
configure:15025: result: yes
configure:15168: checking dynamic linker characteristics
configure:15883: result: GNU/Linux ld.so
configure:15936: checking how to hardcode library paths into programs
configure:15961: result: immediate
configure:16199: creating ./config.status

## ---------------- ##
## Cache variables. ##
## ---------------- ##

ac_cv_build=x86_64-unknown-linux-gnu
ac_cv_c_compiler_gnu=yes
ac_cv_cxx_compiler_gnu=yes
ac_cv_env_CCC_set=
ac_cv_env_CCC_value=
ac_cv_env_CC_set=
ac_cv_env_CC_value=
ac_cv_env_CFLAGS_set=
ac_cv_env_CFLAGS_value=
ac_cv_env_CPPFLAGS_set=
ac_cv_env_CPPFLAGS_value=
ac_cv_env_CPP_set=
ac_cv_env_CPP_value=
ac_cv_env_CXXCPP_set=
ac_cv_env_CXXCPP_value=
ac_cv_env_CXXFLAGS_set=
ac_cv_env_CXXFLAGS_value=
ac_cv_env_CXX_set=
ac_cv_env_CXX_value=
ac_cv_env_LDFLAGS_set=
ac_cv_env_LDFLAGS_value=
ac_cv_env_LIBS_set=
ac_cv_env_LIBS_value=
ac_cv_env_build_alias_set=
ac_cv_env_build_alias_value=
ac_cv_env_host_alias_set=
ac_cv_env_host_alias_value=
ac_cv_env_target_alias_set=
ac_cv_env_target_alias_value=
ac_cv_header_dlfcn_h=yes
ac_cv_header_inttypes_h=yes
ac_cv_header_memory_h=yes
ac_cv_header_stdc=yes
ac_cv_header_stdint_h=yes
ac_cv_header_stdlib_h=yes
ac_cv_header_string_h=yes
ac_cv_header_strings_h=yes
ac_cv_header_sys_stat_h=yes
ac_cv_header_sys_types_h=yes
ac_cv_header_unistd_h=yes
ac_cv_host=x86_64-unknown-linux-gnu
ac_cv_objext=o
ac_cv_path_EGREP='/bin/grep -E'
ac_cv_path_FGREP='/bin/grep -F'
ac_cv_path_GREP=/bin/grep
ac_cv_path_SED=/bin/sed
ac_cv_path_install='/usr/bin/install -c'
ac_cv_path_mkdir=/bin/mkdir
ac_cv_prog_AWK=gawk
ac_cv_prog_CPP='gcc -E'
ac_cv_prog_CXXCPP='g++ -E'
ac_cv_prog_ac_ct_AR=ar
ac_cv_prog_ac_ct_CC=gcc
ac_cv_prog_ac_ct_CXX=g++
ac_cv_prog_ac_ct_DLLTOOL=dlltool
ac_cv_prog_ac_ct_OBJDUMP=objdump
ac_cv_prog_ac_ct_RANLIB=ranlib
ac_cv_prog_ac_ct_STRIP=strip
ac_cv_prog_cc_c89=
ac_cv_prog_cc_g=yes
ac_cv_prog_cxx_g=yes
ac_cv_prog_make_make_set=yes
am_cv_CC_dependencies_compiler_type=gcc3
am_cv_CXX_dependencies_compiler_type=gcc3
lt_cv_ar_at_file=@
lt_cv_archive_cmds_need_lc=no
lt_cv_deplibs_check_method=pass_all
lt_cv_file_magic_cmd='$MAGIC_CMD'
lt_cv_file_magic_test_file=
lt_cv_ld_reload_flag=-r
lt_cv_nm_interface='BSD nm'
lt_cv_objdir=.libs
lt_cv_path_LD=/cvmfs/cms.cern.ch/slc6_amd64_gcc481/external/gcc/4.8.1/x86_64-redhat-linux-gnu/bin/ld
lt_cv_path_LDCXX='/cvmfs/cms.cern.ch/slc6_amd64_gcc481/external/gcc/4.8.1/x86_64-redhat-linux-gnu/bin/ld -m elf_x86_64'
lt_cv_path_NM='/cvmfs/cms.cern.ch/slc6_amd64_gcc481/external/gcc/4.8.1/bin/nm -B'
lt_cv_path_mainfest_tool=no
lt_cv_prog_compiler_c_o=yes
lt_cv_prog_compiler_c_o_CXX=yes
lt_cv_prog_compiler_pic='-fPIC -DPIC'
lt_cv_prog_compiler_pic_CXX='-fPIC -DPIC'
lt_cv_prog_compiler_pic_works=yes
lt_cv_prog_compiler_pic_works_CXX=yes
lt_cv_prog_compiler_rtti_exceptions=no
lt_cv_prog_compiler_static_works=yes
lt_cv_prog_compiler_static_works_CXX=no
lt_cv_prog_gnu_ld=yes
lt_cv_prog_gnu_ldcxx=yes
lt_cv_sharedlib_from_linklib_cmd='printf %s\n'
lt_cv_shlibpath_overrides_runpath=no
lt_cv_sys_global_symbol_pipe='sed -n -e '\''s/^.*[	 ]\([ABCDGIRSTW][ABCDGIRSTW]*\)[	 ][	 ]*\([_A-Za-z][_A-Za-z0-9]*\)$/\1 \2 \2/p'\'' | sed '\''/ __gnu_lto/d'\'''
lt_cv_sys_global_symbol_to_c_name_address='sed -n -e '\''s/^: \([^ ]*\)[ ]*$/  {\"\1\", (void *) 0},/p'\'' -e '\''s/^[ABCDGIRSTW]* \([^ ]*\) \([^ ]*\)$/  {"\2", (void *) \&\2},/p'\'''
lt_cv_sys_global_symbol_to_c_name_address_lib_prefix='sed -n -e '\''s/^: \([^ ]*\)[ ]*$/  {\"\1\", (void *) 0},/p'\'' -e '\''s/^[ABCDGIRSTW]* \([^ ]*\) \(lib[^ ]*\)$/  {"\2", (void *) \&\2},/p'\'' -e '\''s/^[ABCDGIRSTW]* \([^ ]*\) \([^ ]*\)$/  {"lib\2", (void *) \&\2},/p'\'''
lt_cv_sys_global_symbol_to_cdecl='sed -n -e '\''s/^T .* \(.*\)$/extern int \1();/p'\'' -e '\''s/^[ABCDGIRSTW]* .* \(.*\)$/extern char \1;/p'\'''
lt_cv_sys_max_cmd_len=3458764513820540925
lt_cv_to_host_file_cmd=func_convert_file_noop
lt_cv_to_tool_file_cmd=func_convert_file_noop

## ----------------- ##
## Output variables. ##
## ----------------- ##

ACLOCAL='${SHELL} /afs/cern.ch/work/e/ekennedy/work/fsanalysis/CMSSW_7_2_5/src/AnalysisTool/AnalysisTool/missing --run aclocal-1.11'
AMDEPBACKSLASH='\'
AMDEP_FALSE='#'
AMDEP_TRUE=''
AMTAR='${SHELL} /afs/cern.ch/work/e/ekennedy/work/fsanalysis/CMSSW_7_2_5/src/AnalysisTool/AnalysisTool/missing --run tar'
AR='ar'
AUTOCONF='${SHELL} /afs/cern.ch/work/e/ekennedy/work/fsanalysis/CMSSW_7_2_5/src/AnalysisTool/AnalysisTool/missing --run autoconf'
AUTOHEADER='${SHELL} /afs/cern.ch/work/e/ekennedy/work/fsanalysis/CMSSW_7_2_5/src/AnalysisTool/AnalysisTool/missing --run autoheader'
AUTOMAKE='${SHELL} /afs/cern.ch/work/e/ekennedy/work/fsanalysis/CMSSW_7_2_5/src/AnalysisTool/AnalysisTool/missing --run automake-1.11'
AWK='gawk'
BOOST_CFLAGS=''
BOOST_LIBS='-lboost_regex'
CC='gcc'
CCDEPMODE='depmode=gcc3'
CFLAGS='-g -O2'
CPP='gcc -E'
CPPFLAGS=''
CXX='g++'
CXXCPP='g++ -E'
CXXDEPMODE='depmode=gcc3'
CXXFLAGS='-g -O2'
CYGPATH_W='echo'
DEFS='-DPACKAGE_NAME=\"LibAnalysisTool\" -DPACKAGE_TARNAME=\"libanalysistool\" -DPACKAGE_VERSION=\"1.7.1\" -DPACKAGE_STRING=\"LibAnalysisTool\ 1.7.1\" -DPACKAGE_BUGREPORT=\"hindrichs@physik.rwth-aachen.de\" -DPACKAGE=\"libanalysistool\" -DVERSION=\"1.7.1\" -DSTDC_HEADERS=1 -DHAVE_SYS_TYPES_H=1 -DHAVE_SYS_STAT_H=1 -DHAVE_STDLIB_H=1 -DHAVE_STRING_H=1 -DHAVE_MEMORY_H=1 -DHAVE_STRINGS_H=1 -DHAVE_INTTYPES_H=1 -DHAVE_STDINT_H=1 -DHAVE_UNISTD_H=1 -DHAVE_DLFCN_H=1 -DLT_OBJDIR=\".libs/\"'
DEPDIR='.deps'
DLLTOOL='dlltool'
DSYMUTIL=''
DUMPBIN=''
ECHO_C=''
ECHO_N='-n'
ECHO_T=''
EGREP='/bin/grep -E'
EXEEXT=''
FGREP='/bin/grep -F'
GREP='/bin/grep'
INSTALL_DATA='${INSTALL} -m 644'
INSTALL_PROGRAM='${INSTALL}'
INSTALL_SCRIPT='${INSTALL}'
INSTALL_STRIP_PROGRAM='$(install_sh) -c -s'
LD='/cvmfs/cms.cern.ch/slc6_amd64_gcc481/external/gcc/4.8.1/x86_64-redhat-linux-gnu/bin/ld -m elf_x86_64'
LDFLAGS=''
LIBOBJS=''
LIBS=''
LIBTOOL='$(SHELL) $(top_builddir)/libtool'
LIPO=''
LN_S='ln -s'
LTLIBOBJS=''
MAKEINFO='${SHELL} /afs/cern.ch/work/e/ekennedy/work/fsanalysis/CMSSW_7_2_5/src/AnalysisTool/AnalysisTool/missing --run makeinfo'
MANIFEST_TOOL=':'
MKDIR_P='/bin/mkdir -p'
MPI_CFLAGS=''
MPI_LIBS=''
NM='/cvmfs/cms.cern.ch/slc6_amd64_gcc481/external/gcc/4.8.1/bin/nm -B'
NMEDIT=''
OBJDUMP='objdump'
OBJEXT='o'
OTOOL64=''
OTOOL=''
PACKAGE='libanalysistool'
PACKAGE_BUGREPORT='hindrichs@physik.rwth-aachen.de'
PACKAGE_NAME='LibAnalysisTool'
PACKAGE_STRING='LibAnalysisTool 1.7.1'
PACKAGE_TARNAME='libanalysistool'
PACKAGE_VERSION='1.7.1'
PATH_SEPARATOR=':'
RANLIB='ranlib'
ROOT_CFLAGS='-I $(shell root-config --incdir)'
ROOT_LIBS='$(shell root-config --libs) -lMinuit -lMathCore -lrt'
SED='/bin/sed'
SET_MAKE=''
SHELL='/bin/sh'
STRIP='strip'
VERSION='1.7.1'
ac_ct_AR='ar'
ac_ct_CC='gcc'
ac_ct_CXX='g++'
ac_ct_DUMPBIN=''
am__EXEEXT_FALSE=''
am__EXEEXT_TRUE='#'
am__fastdepCC_FALSE='#'
am__fastdepCC_TRUE=''
am__fastdepCXX_FALSE='#'
am__fastdepCXX_TRUE=''
am__include='include'
am__isrc=''
am__leading_dot='.'
am__quote=''
am__tar='${AMTAR} chof - "$$tardir"'
am__untar='${AMTAR} xf -'
bindir='${exec_prefix}/bin'
build='x86_64-unknown-linux-gnu'
build_alias=''
build_cpu='x86_64'
build_os='linux-gnu'
build_vendor='unknown'
datadir='${datarootdir}'
datarootdir='${prefix}/share'
docdir='${datarootdir}/doc/${PACKAGE_TARNAME}'
dvidir='${docdir}'
exec_prefix='${prefix}'
host='x86_64-unknown-linux-gnu'
host_alias=''
host_cpu='x86_64'
host_os='linux-gnu'
host_vendor='unknown'
htmldir='${docdir}'
includedir='${prefix}/include'
infodir='${datarootdir}/info'
install_sh='${SHELL} /afs/cern.ch/work/e/ekennedy/work/fsanalysis/CMSSW_7_2_5/src/AnalysisTool/AnalysisTool/install-sh'
libdir='${exec_prefix}/lib'
libexecdir='${exec_prefix}/libexec'
localedir='${datarootdir}/locale'
localstatedir='${prefix}/var'
mandir='${datarootdir}/man'
mkdir_p='/bin/mkdir -p'
oldincludedir='/usr/include'
pdfdir='${docdir}'
prefix='/afs/cern.ch/work/e/ekennedy/work/fsanalysis/CMSSW_7_2_5/src/AnalysisTool/AnalysisTool_ZH'
program_transform_name='s,x,x,'
psdir='${docdir}'
sbindir='${exec_prefix}/sbin'
sharedstatedir='${prefix}/com'
sysconfdir='${prefix}/etc'
target_alias=''

## ----------- ##
## confdefs.h. ##
## ----------- ##

#define PACKAGE_NAME "LibAnalysisTool"
#define PACKAGE_TARNAME "libanalysistool"
#define PACKAGE_VERSION "1.7.1"
#define PACKAGE_STRING "LibAnalysisTool 1.7.1"
#define PACKAGE_BUGREPORT "hindrichs@physik.rwth-aachen.de"
#define PACKAGE "libanalysistool"
#define VERSION "1.7.1"
#define STDC_HEADERS 1
#define HAVE_SYS_TYPES_H 1
#define HAVE_SYS_STAT_H 1
#define HAVE_STDLIB_H 1
#define HAVE_STRING_H 1
#define HAVE_MEMORY_H 1
#define HAVE_STRINGS_H 1
#define HAVE_INTTYPES_H 1
#define HAVE_STDINT_H 1
#define HAVE_UNISTD_H 1
#define HAVE_DLFCN_H 1
#define LT_OBJDIR ".libs/"

configure: exit 0

## ---------------------- ##
## Running config.status. ##
## ---------------------- ##

This file was extended by LibAnalysisTool config.status 1.7.1, which was
generated by GNU Autoconf 2.63.  Invocation command line was

  CONFIG_FILES    = 
  CONFIG_HEADERS  = 
  CONFIG_LINKS    = 
  CONFIG_COMMANDS = 
  $ ./config.status 

on lxplus0045.cern.ch

config.status:990: creating Makefile
config.status:1201: executing depfiles commands
config.status:1201: executing libtool commands
